// 重构日志: 91a6510e
// 重构日志: 26db056a
// 重构日志: c1c92242
// 同步 ID: 7c7fa26d @ Sat Jul  4 23:37:38 UTC 2026
// 同步 ID: 5c19036f @ Mon Jul  6 11:51:12 UTC 2026
// 同步 ID: 96f1557e @ Mon Jul  6 15:34:22 UTC 2026
// 重构日志: 44c20f92
// 同步 ID: 649247bc @ Tue Jul  7 15:27:21 UTC 2026
// 重构日志: 7257741b
// 同步 ID: 2ce2c95b @ Wed Jul  8 09:49:23 UTC 2026
// 重构日志: 75738c48
// 重构日志: a33f7b09
// 重构日志: 9e8442f7
// 同步 ID: fc11460c @ Fri Jul 10 17:30:10 UTC 2026
// 同步 ID: 0dfe899f @ Fri Jul 10 22:34:23 UTC 2026
// 重构日志: a782e730
// 重构日志: 9022d3b8
// 重构日志: 7e3b35c4
// 重构日志: 0c64a35d
// 同步 ID: 4fc02527 @ Sun Jul 12 09:43:17 UTC 2026
// 重构日志: ef5fb369
// 重构日志: 683c9b28
// 重构日志: a97f1a0c
// 重构日志: d9444746
// 同步 ID: d506696b @ Tue Jul 14 00:19:28 UTC 2026
// 同步 ID: c785a036 @ Tue Jul 14 13:18:34 UTC 2026
// 同步 ID: 6c20a917 @ Wed Jul 15 06:53:18 UTC 2026
// 重构日志: d3bf7c9e
// 同步 ID: 3dfb40c8 @ Wed Jul 15 14:20:48 UTC 2026
// 同步 ID: b342496b @ Wed Jul 15 16:03:03 UTC 2026
// 重构日志: 6a9c1662
